0 info it worked if it ends with ok
1 verbose cli [ 'C:\\Program Files (x86)\\nodejs\\\\node.exe',
1 verbose cli   'C:\\Program Files (x86)\\nodejs\\node_modules\\npm\\bin\\npm-cli.js',
1 verbose cli   'install',
1 verbose cli   'brainjs',
1 verbose cli   '--save' ]
2 info using npm@1.4.28
3 info using node@v0.10.35
4 verbose node symlink C:\Program Files (x86)\nodejs\\node.exe
5 verbose cache add [ 'brainjs', null ]
6 verbose cache add name=undefined spec="brainjs" args=["brainjs",null]
7 verbose parsed url { protocol: null,
7 verbose parsed url   slashes: null,
7 verbose parsed url   auth: null,
7 verbose parsed url   host: null,
7 verbose parsed url   port: null,
7 verbose parsed url   hostname: null,
7 verbose parsed url   hash: null,
7 verbose parsed url   search: null,
7 verbose parsed url   query: null,
7 verbose parsed url   pathname: 'brainjs',
7 verbose parsed url   path: 'brainjs',
7 verbose parsed url   href: 'brainjs' }
8 silly lockFile 28f0adec-brainjs brainjs
9 verbose lock brainjs C:\Users\dustinna\AppData\Roaming\npm-cache\28f0adec-brainjs.lock
10 silly lockFile 28f0adec-brainjs brainjs
11 silly lockFile 28f0adec-brainjs brainjs
12 verbose addNamed [ 'brainjs', '' ]
13 verbose addNamed [ null, '*' ]
14 silly lockFile b32765a5-brainjs brainjs@
15 verbose lock brainjs@ C:\Users\dustinna\AppData\Roaming\npm-cache\b32765a5-brainjs.lock
16 silly addNameRange { name: 'brainjs', range: '*', hasData: false }
17 verbose request where is /brainjs
18 verbose request registry https://registry.npmjs.org/
19 verbose request id 2167c73974c83c4a
20 verbose url raw /brainjs
21 verbose url resolving [ 'https://registry.npmjs.org/', './brainjs' ]
22 verbose url resolved https://registry.npmjs.org/brainjs
23 verbose request where is https://registry.npmjs.org/brainjs
24 info trying registry request attempt 1 at 09:18:17
25 http GET https://registry.npmjs.org/brainjs
26 http 404 https://registry.npmjs.org/brainjs
27 silly registry.get cb [ 404,
27 silly registry.get   { 'content-type': 'application/json',
27 silly registry.get     'cache-control': 'max-age=0',
27 silly registry.get     'content-length': '2',
27 silly registry.get     'accept-ranges': 'bytes',
27 silly registry.get     date: 'Mon, 31 Aug 2015 14:18:17 GMT',
27 silly registry.get     via: '1.1 varnish',
27 silly registry.get     age: '0',
27 silly registry.get     connection: 'keep-alive',
27 silly registry.get     'x-served-by': 'cache-dfw1828-DFW',
27 silly registry.get     'x-cache': 'MISS',
27 silly registry.get     'x-cache-hits': '0',
27 silly registry.get     'x-timer': 'S1441030697.794299,VS0,VE56' } ]
28 silly lockFile b32765a5-brainjs brainjs@
29 silly lockFile b32765a5-brainjs brainjs@
30 error 404 Not Found
30 error 404
30 error 404 'brainjs' is not in the npm registry.
30 error 404 You should bug the author to publish it
30 error 404
30 error 404 Note that you can also install from a
30 error 404 tarball, folder, or http url, or git url.
31 error System Windows_NT 6.1.7601
32 error command "C:\\Program Files (x86)\\nodejs\\\\node.exe" "C:\\Program Files (x86)\\nodejs\\node_modules\\npm\\bin\\npm-cli.js" "install" "brainjs" "--save"
33 error cwd C:\Users\dustinna\Documents\WebDev Stuff\CXBuddy\neural-net
34 error node -v v0.10.35
35 error npm -v 1.4.28
36 error code E404
37 verbose exit [ 1, true ]
